00:50:04.230 [nREPL-worker-13] INFO  org.eclipse.jetty.server.Server - jetty-9.4.0.v20161208
00:50:04.253 [nREPL-worker-13] INFO  o.e.j.server.handler.ContextHandler - Started o.e.j.s.ServletContextHandler@7a6ac496{/,null,AVAILABLE}
00:50:04.254 [nREPL-worker-13] INFO  o.e.jetty.server.AbstractConnector - Started ServerConnector@568f9f2f{HTTP/1.1,[http/1.1, h2c]}{0.0.0.0:8080}
00:50:04.254 [nREPL-worker-13] INFO  org.eclipse.jetty.server.Server - Started @14681982ms
00:54:35.643 [qtp463827070-84] INFO  io.pedestal.http - {:msg "GET /swagger/swagger.json", :line 80}
00:54:35.744 [qtp463827070-84] INFO  io.pedestal.http.cors - {:msg "cors request processing", :origin "", :allowed true, :line 84}
00:54:35.777 [qtp463827070-84] ERROR i.p.http.impl.servlet-interceptor - {:msg "Dev interceptor caught an exception; Forwarding it as the response.", :line 313}
clojure.lang.ExceptionInfo: clojure.lang.ExceptionInfo in Interceptor :io.pedestal.http.route/router - You're trying to use something as a route specification that isn't supported by the protocol; Perhaps you need to extend it?
	at clojure.core$ex_info.invokeStatic(core.clj:4617)
	at clojure.core$ex_info.invoke(core.clj:4617)
	at io.pedestal.interceptor.chain$throwable__GT_ex_info.invokeStatic(chain.clj:35)
	at io.pedestal.interceptor.chain$throwable__GT_ex_info.invoke(chain.clj:32)
	at io.pedestal.interceptor.chain$try_f.invokeStatic(chain.clj:57)
	at io.pedestal.interceptor.chain$try_f.invoke(chain.clj:44)
	at io.pedestal.interceptor.chain$process_all_with_binding.invokeStatic(chain.clj:171)
	at io.pedestal.interceptor.chain$process_all_with_binding.invoke(chain.clj:146)
	at io.pedestal.interceptor.chain$process_all$fn__8998.invoke(chain.clj:188)
	at clojure.lang.AFn.applyToHelper(AFn.java:152)
	at clojure.lang.AFn.applyTo(AFn.java:144)
	at clojure.core$apply.invokeStatic(core.clj:646)
	at clojure.core$with_bindings_STAR_.invokeStatic(core.clj:1881)
	at clojure.core$with_bindings_STAR_.doInvoke(core.clj:1881)
	at clojure.lang.RestFn.invoke(RestFn.java:425)
	at io.pedestal.interceptor.chain$process_all.invokeStatic(chain.clj:186)
	at io.pedestal.interceptor.chain$process_all.invoke(chain.clj:182)
	at io.pedestal.interceptor.chain$enter_all.invokeStatic(chain.clj:235)
	at io.pedestal.interceptor.chain$enter_all.invoke(chain.clj:229)
	at io.pedestal.interceptor.chain$execute.invokeStatic(chain.clj:379)
	at io.pedestal.interceptor.chain$execute.invoke(chain.clj:352)
	at io.pedestal.interceptor.chain$execute.invokeStatic(chain.clj:389)
	at io.pedestal.interceptor.chain$execute.invoke(chain.clj:352)
	at io.pedestal.http.impl.servlet_interceptor$interceptor_service_fn$fn__13874.invoke(servlet_interceptor.clj:350)
	at io.pedestal.http.servlet.FnServlet.service(servlet.clj:28)
	at org.eclipse.jetty.servlet.ServletHolder.handle(ServletHolder.java:838)
	at org.eclipse.jetty.servlet.ServletHandler.doHandle(ServletHandler.java:543)
	at org.eclipse.jetty.server.handler.ScopedHandler.nextHandle(ScopedHandler.java:188)
	at org.eclipse.jetty.server.handler.ContextHandler.doHandle(ContextHandler.java:1228)
	at org.eclipse.jetty.server.handler.ScopedHandler.nextScope(ScopedHandler.java:168)
	at org.eclipse.jetty.servlet.ServletHandler.doScope(ServletHandler.java:481)
	at org.eclipse.jetty.server.handler.ScopedHandler.nextScope(ScopedHandler.java:166)
	at org.eclipse.jetty.server.handler.ContextHandler.doScope(ContextHandler.java:1130)
	at org.eclipse.jetty.server.handler.ScopedHandler.handle(ScopedHandler.java:141)
	at org.eclipse.jetty.server.handler.HandlerWrapper.handle(HandlerWrapper.java:132)
	at org.eclipse.jetty.server.Server.handle(Server.java:564)
	at org.eclipse.jetty.server.HttpChannel.handle(HttpChannel.java:318)
	at org.eclipse.jetty.server.HttpConnection.onFillable(HttpConnection.java:251)
	at org.eclipse.jetty.io.AbstractConnection$ReadCallback.succeeded(AbstractConnection.java:279)
	at org.eclipse.jetty.io.FillInterest.fillable(FillInterest.java:112)
	at org.eclipse.jetty.io.ChannelEndPoint$2.run(ChannelEndPoint.java:124)
	at org.eclipse.jetty.util.thread.QueuedThreadPool.runJob(QueuedThreadPool.java:672)
	at org.eclipse.jetty.util.thread.QueuedThreadPool$2.run(QueuedThreadPool.java:590)
	at java.lang.Thread.run(Thread.java:745)
Caused by: clojure.lang.ExceptionInfo: You're trying to use something as a route specification that isn't supported by the protocol; Perhaps you need to extend it?
	at clojure.core$ex_info.invokeStatic(core.clj:4617)
	at clojure.core$ex_info.invoke(core.clj:4617)
	at io.pedestal.http.route$expand_routes.invokeStatic(route.clj:373)
	at io.pedestal.http.route$expand_routes.invoke(route.clj:364)
	at pedestal_play.server$run_dev$fn__14589.invoke(server.clj:21)
	at io.pedestal.http.route$eval10006$fn__10007$fn__10008.invoke(route.clj:422)
	at io.pedestal.interceptor.chain$try_f.invokeStatic(chain.clj:54)
	... 39 common frames omitted
00:54:36.079 [qtp463827070-85] INFO  io.pedestal.http - {:msg "GET /favicon.ico", :line 80}
00:54:36.080 [qtp463827070-85] INFO  io.pedestal.http.cors - {:msg "cors request processing", :origin "", :allowed true, :line 84}
00:54:36.086 [qtp463827070-85] ERROR i.p.http.impl.servlet-interceptor - {:msg "Dev interceptor caught an exception; Forwarding it as the response.", :line 313}
clojure.lang.ExceptionInfo: clojure.lang.ExceptionInfo in Interceptor :io.pedestal.http.route/router - You're trying to use something as a route specification that isn't supported by the protocol; Perhaps you need to extend it?
	at clojure.core$ex_info.invokeStatic(core.clj:4617)
	at clojure.core$ex_info.invoke(core.clj:4617)
	at io.pedestal.interceptor.chain$throwable__GT_ex_info.invokeStatic(chain.clj:35)
	at io.pedestal.interceptor.chain$throwable__GT_ex_info.invoke(chain.clj:32)
	at io.pedestal.interceptor.chain$try_f.invokeStatic(chain.clj:57)
	at io.pedestal.interceptor.chain$try_f.invoke(chain.clj:44)
	at io.pedestal.interceptor.chain$process_all_with_binding.invokeStatic(chain.clj:171)
	at io.pedestal.interceptor.chain$process_all_with_binding.invoke(chain.clj:146)
	at io.pedestal.interceptor.chain$process_all$fn__8998.invoke(chain.clj:188)
	at clojure.lang.AFn.applyToHelper(AFn.java:152)
	at clojure.lang.AFn.applyTo(AFn.java:144)
	at clojure.core$apply.invokeStatic(core.clj:646)
	at clojure.core$with_bindings_STAR_.invokeStatic(core.clj:1881)
	at clojure.core$with_bindings_STAR_.doInvoke(core.clj:1881)
	at clojure.lang.RestFn.invoke(RestFn.java:425)
	at io.pedestal.interceptor.chain$process_all.invokeStatic(chain.clj:186)
	at io.pedestal.interceptor.chain$process_all.invoke(chain.clj:182)
	at io.pedestal.interceptor.chain$enter_all.invokeStatic(chain.clj:235)
	at io.pedestal.interceptor.chain$enter_all.invoke(chain.clj:229)
	at io.pedestal.interceptor.chain$execute.invokeStatic(chain.clj:379)
	at io.pedestal.interceptor.chain$execute.invoke(chain.clj:352)
	at io.pedestal.interceptor.chain$execute.invokeStatic(chain.clj:389)
	at io.pedestal.interceptor.chain$execute.invoke(chain.clj:352)
	at io.pedestal.http.impl.servlet_interceptor$interceptor_service_fn$fn__13874.invoke(servlet_interceptor.clj:350)
	at io.pedestal.http.servlet.FnServlet.service(servlet.clj:28)
	at org.eclipse.jetty.servlet.ServletHolder.handle(ServletHolder.java:838)
	at org.eclipse.jetty.servlet.ServletHandler.doHandle(ServletHandler.java:543)
	at org.eclipse.jetty.server.handler.ScopedHandler.nextHandle(ScopedHandler.java:188)
	at org.eclipse.jetty.server.handler.ContextHandler.doHandle(ContextHandler.java:1228)
	at org.eclipse.jetty.server.handler.ScopedHandler.nextScope(ScopedHandler.java:168)
	at org.eclipse.jetty.servlet.ServletHandler.doScope(ServletHandler.java:481)
	at org.eclipse.jetty.server.handler.ScopedHandler.nextScope(ScopedHandler.java:166)
	at org.eclipse.jetty.server.handler.ContextHandler.doScope(ContextHandler.java:1130)
	at org.eclipse.jetty.server.handler.ScopedHandler.handle(ScopedHandler.java:141)
	at org.eclipse.jetty.server.handler.HandlerWrapper.handle(HandlerWrapper.java:132)
	at org.eclipse.jetty.server.Server.handle(Server.java:564)
	at org.eclipse.jetty.server.HttpChannel.handle(HttpChannel.java:318)
	at org.eclipse.jetty.server.HttpConnection.onFillable(HttpConnection.java:251)
	at org.eclipse.jetty.io.AbstractConnection$ReadCallback.succeeded(AbstractConnection.java:279)
	at org.eclipse.jetty.io.FillInterest.fillable(FillInterest.java:112)
	at org.eclipse.jetty.io.ChannelEndPoint$2.run(ChannelEndPoint.java:124)
	at org.eclipse.jetty.util.thread.Invocable.invokePreferred(Invocable.java:122)
	at org.eclipse.jetty.util.thread.strategy.ExecutingExecutionStrategy.invoke(ExecutingExecutionStrategy.java:58)
	at org.eclipse.jetty.util.thread.strategy.ExecuteProduceConsume.produceConsume(ExecuteProduceConsume.java:201)
	at org.eclipse.jetty.util.thread.strategy.ExecuteProduceConsume.run(ExecuteProduceConsume.java:133)
	at org.eclipse.jetty.util.thread.QueuedThreadPool.runJob(QueuedThreadPool.java:672)
	at org.eclipse.jetty.util.thread.QueuedThreadPool$2.run(QueuedThreadPool.java:590)
	at java.lang.Thread.run(Thread.java:745)
Caused by: clojure.lang.ExceptionInfo: You're trying to use something as a route specification that isn't supported by the protocol; Perhaps you need to extend it?
	at clojure.core$ex_info.invokeStatic(core.clj:4617)
	at clojure.core$ex_info.invoke(core.clj:4617)
	at io.pedestal.http.route$expand_routes.invokeStatic(route.clj:373)
	at io.pedestal.http.route$expand_routes.invoke(route.clj:364)
	at pedestal_play.server$run_dev$fn__14589.invoke(server.clj:21)
	at io.pedestal.http.route$eval10006$fn__10007$fn__10008.invoke(route.clj:422)
	at io.pedestal.interceptor.chain$try_f.invokeStatic(chain.clj:54)
	... 43 common frames omitted
00:56:44.941 [qtp463827070-84] INFO  io.pedestal.http - {:msg "GET /swagger/", :line 80}
00:56:44.946 [qtp463827070-84] INFO  io.pedestal.http.cors - {:msg "cors request processing", :origin "", :allowed true, :line 84}
00:56:44.949 [qtp463827070-84] ERROR i.p.http.impl.servlet-interceptor - {:msg "Dev interceptor caught an exception; Forwarding it as the response.", :line 313}
clojure.lang.ExceptionInfo: clojure.lang.ExceptionInfo in Interceptor :io.pedestal.http.route/router - You're trying to use something as a route specification that isn't supported by the protocol; Perhaps you need to extend it?
	at clojure.core$ex_info.invokeStatic(core.clj:4617)
	at clojure.core$ex_info.invoke(core.clj:4617)
	at io.pedestal.interceptor.chain$throwable__GT_ex_info.invokeStatic(chain.clj:35)
	at io.pedestal.interceptor.chain$throwable__GT_ex_info.invoke(chain.clj:32)
	at io.pedestal.interceptor.chain$try_f.invokeStatic(chain.clj:57)
	at io.pedestal.interceptor.chain$try_f.invoke(chain.clj:44)
	at io.pedestal.interceptor.chain$process_all_with_binding.invokeStatic(chain.clj:171)
	at io.pedestal.interceptor.chain$process_all_with_binding.invoke(chain.clj:146)
	at io.pedestal.interceptor.chain$process_all$fn__8998.invoke(chain.clj:188)
	at clojure.lang.AFn.applyToHelper(AFn.java:152)
	at clojure.lang.AFn.applyTo(AFn.java:144)
	at clojure.core$apply.invokeStatic(core.clj:646)
	at clojure.core$with_bindings_STAR_.invokeStatic(core.clj:1881)
	at clojure.core$with_bindings_STAR_.doInvoke(core.clj:1881)
	at clojure.lang.RestFn.invoke(RestFn.java:425)
	at io.pedestal.interceptor.chain$process_all.invokeStatic(chain.clj:186)
	at io.pedestal.interceptor.chain$process_all.invoke(chain.clj:182)
	at io.pedestal.interceptor.chain$enter_all.invokeStatic(chain.clj:235)
	at io.pedestal.interceptor.chain$enter_all.invoke(chain.clj:229)
	at io.pedestal.interceptor.chain$execute.invokeStatic(chain.clj:379)
	at io.pedestal.interceptor.chain$execute.invoke(chain.clj:352)
	at io.pedestal.interceptor.chain$execute.invokeStatic(chain.clj:389)
	at io.pedestal.interceptor.chain$execute.invoke(chain.clj:352)
	at io.pedestal.http.impl.servlet_interceptor$interceptor_service_fn$fn__13874.invoke(servlet_interceptor.clj:350)
	at io.pedestal.http.servlet.FnServlet.service(servlet.clj:28)
	at org.eclipse.jetty.servlet.ServletHolder.handle(ServletHolder.java:838)
	at org.eclipse.jetty.servlet.ServletHandler.doHandle(ServletHandler.java:543)
	at org.eclipse.jetty.server.handler.ScopedHandler.nextHandle(ScopedHandler.java:188)
	at org.eclipse.jetty.server.handler.ContextHandler.doHandle(ContextHandler.java:1228)
	at org.eclipse.jetty.server.handler.ScopedHandler.nextScope(ScopedHandler.java:168)
	at org.eclipse.jetty.servlet.ServletHandler.doScope(ServletHandler.java:481)
	at org.eclipse.jetty.server.handler.ScopedHandler.nextScope(ScopedHandler.java:166)
	at org.eclipse.jetty.server.handler.ContextHandler.doScope(ContextHandler.java:1130)
	at org.eclipse.jetty.server.handler.ScopedHandler.handle(ScopedHandler.java:141)
	at org.eclipse.jetty.server.handler.HandlerWrapper.handle(HandlerWrapper.java:132)
	at org.eclipse.jetty.server.Server.handle(Server.java:564)
	at org.eclipse.jetty.server.HttpChannel.handle(HttpChannel.java:318)
	at org.eclipse.jetty.server.HttpConnection.onFillable(HttpConnection.java:251)
	at org.eclipse.jetty.io.AbstractConnection$ReadCallback.succeeded(AbstractConnection.java:279)
	at org.eclipse.jetty.io.FillInterest.fillable(FillInterest.java:112)
	at org.eclipse.jetty.io.ChannelEndPoint$2.run(ChannelEndPoint.java:124)
	at org.eclipse.jetty.util.thread.QueuedThreadPool.runJob(QueuedThreadPool.java:672)
	at org.eclipse.jetty.util.thread.QueuedThreadPool$2.run(QueuedThreadPool.java:590)
	at java.lang.Thread.run(Thread.java:745)
Caused by: clojure.lang.ExceptionInfo: You're trying to use something as a route specification that isn't supported by the protocol; Perhaps you need to extend it?
	at clojure.core$ex_info.invokeStatic(core.clj:4617)
	at clojure.core$ex_info.invoke(core.clj:4617)
	at io.pedestal.http.route$expand_routes.invokeStatic(route.clj:373)
	at io.pedestal.http.route$expand_routes.invoke(route.clj:364)
	at pedestal_play.server$run_dev$fn__14589.invoke(server.clj:21)
	at io.pedestal.http.route$eval10006$fn__10007$fn__10008.invoke(route.clj:422)
	at io.pedestal.interceptor.chain$try_f.invokeStatic(chain.clj:54)
	... 39 common frames omitted
00:56:45.146 [qtp463827070-86] INFO  io.pedestal.http - {:msg "GET /favicon.ico", :line 80}
00:56:45.146 [qtp463827070-86] INFO  io.pedestal.http.cors - {:msg "cors request processing", :origin "", :allowed true, :line 84}
00:56:45.147 [qtp463827070-86] ERROR i.p.http.impl.servlet-interceptor - {:msg "Dev interceptor caught an exception; Forwarding it as the response.", :line 313}
clojure.lang.ExceptionInfo: clojure.lang.ExceptionInfo in Interceptor :io.pedestal.http.route/router - You're trying to use something as a route specification that isn't supported by the protocol; Perhaps you need to extend it?
	at clojure.core$ex_info.invokeStatic(core.clj:4617)
	at clojure.core$ex_info.invoke(core.clj:4617)
	at io.pedestal.interceptor.chain$throwable__GT_ex_info.invokeStatic(chain.clj:35)
	at io.pedestal.interceptor.chain$throwable__GT_ex_info.invoke(chain.clj:32)
	at io.pedestal.interceptor.chain$try_f.invokeStatic(chain.clj:57)
	at io.pedestal.interceptor.chain$try_f.invoke(chain.clj:44)
	at io.pedestal.interceptor.chain$process_all_with_binding.invokeStatic(chain.clj:171)
	at io.pedestal.interceptor.chain$process_all_with_binding.invoke(chain.clj:146)
	at io.pedestal.interceptor.chain$process_all$fn__8998.invoke(chain.clj:188)
	at clojure.lang.AFn.applyToHelper(AFn.java:152)
	at clojure.lang.AFn.applyTo(AFn.java:144)
	at clojure.core$apply.invokeStatic(core.clj:646)
	at clojure.core$with_bindings_STAR_.invokeStatic(core.clj:1881)
	at clojure.core$with_bindings_STAR_.doInvoke(core.clj:1881)
	at clojure.lang.RestFn.invoke(RestFn.java:425)
	at io.pedestal.interceptor.chain$process_all.invokeStatic(chain.clj:186)
	at io.pedestal.interceptor.chain$process_all.invoke(chain.clj:182)
	at io.pedestal.interceptor.chain$enter_all.invokeStatic(chain.clj:235)
	at io.pedestal.interceptor.chain$enter_all.invoke(chain.clj:229)
	at io.pedestal.interceptor.chain$execute.invokeStatic(chain.clj:379)
	at io.pedestal.interceptor.chain$execute.invoke(chain.clj:352)
	at io.pedestal.interceptor.chain$execute.invokeStatic(chain.clj:389)
	at io.pedestal.interceptor.chain$execute.invoke(chain.clj:352)
	at io.pedestal.http.impl.servlet_interceptor$interceptor_service_fn$fn__13874.invoke(servlet_interceptor.clj:350)
	at io.pedestal.http.servlet.FnServlet.service(servlet.clj:28)
	at org.eclipse.jetty.servlet.ServletHolder.handle(ServletHolder.java:838)
	at org.eclipse.jetty.servlet.ServletHandler.doHandle(ServletHandler.java:543)
	at org.eclipse.jetty.server.handler.ScopedHandler.nextHandle(ScopedHandler.java:188)
	at org.eclipse.jetty.server.handler.ContextHandler.doHandle(ContextHandler.java:1228)
	at org.eclipse.jetty.server.handler.ScopedHandler.nextScope(ScopedHandler.java:168)
	at org.eclipse.jetty.servlet.ServletHandler.doScope(ServletHandler.java:481)
	at org.eclipse.jetty.server.handler.ScopedHandler.nextScope(ScopedHandler.java:166)
	at org.eclipse.jetty.server.handler.ContextHandler.doScope(ContextHandler.java:1130)
	at org.eclipse.jetty.server.handler.ScopedHandler.handle(ScopedHandler.java:141)
	at org.eclipse.jetty.server.handler.HandlerWrapper.handle(HandlerWrapper.java:132)
	at org.eclipse.jetty.server.Server.handle(Server.java:564)
	at org.eclipse.jetty.server.HttpChannel.handle(HttpChannel.java:318)
	at org.eclipse.jetty.server.HttpConnection.onFillable(HttpConnection.java:251)
	at org.eclipse.jetty.io.AbstractConnection$ReadCallback.succeeded(AbstractConnection.java:279)
	at org.eclipse.jetty.io.FillInterest.fillable(FillInterest.java:112)
	at org.eclipse.jetty.io.ChannelEndPoint$2.run(ChannelEndPoint.java:124)
	at org.eclipse.jetty.util.thread.Invocable.invokePreferred(Invocable.java:122)
	at org.eclipse.jetty.util.thread.strategy.ExecutingExecutionStrategy.invoke(ExecutingExecutionStrategy.java:58)
	at org.eclipse.jetty.util.thread.strategy.ExecuteProduceConsume.produceConsume(ExecuteProduceConsume.java:201)
	at org.eclipse.jetty.util.thread.strategy.ExecuteProduceConsume.run(ExecuteProduceConsume.java:133)
	at org.eclipse.jetty.util.thread.QueuedThreadPool.runJob(QueuedThreadPool.java:672)
	at org.eclipse.jetty.util.thread.QueuedThreadPool$2.run(QueuedThreadPool.java:590)
	at java.lang.Thread.run(Thread.java:745)
Caused by: clojure.lang.ExceptionInfo: You're trying to use something as a route specification that isn't supported by the protocol; Perhaps you need to extend it?
	at clojure.core$ex_info.invokeStatic(core.clj:4617)
	at clojure.core$ex_info.invoke(core.clj:4617)
	at io.pedestal.http.route$expand_routes.invokeStatic(route.clj:373)
	at io.pedestal.http.route$expand_routes.invoke(route.clj:364)
	at pedestal_play.server$run_dev$fn__14589.invoke(server.clj:21)
	at io.pedestal.http.route$eval10006$fn__10007$fn__10008.invoke(route.clj:422)
	at io.pedestal.interceptor.chain$try_f.invokeStatic(chain.clj:54)
	... 43 common frames omitted
01:01:57.372 [qtp463827070-79] INFO  io.pedestal.http - {:msg "GET /swagger/", :line 80}
01:01:57.373 [qtp463827070-79] INFO  io.pedestal.http.cors - {:msg "cors request processing", :origin "", :allowed true, :line 84}
01:01:57.393 [qtp463827070-79] INFO  io.pedestal.http.cors - {:msg "cors response processing", :cors-headers {"Access-Control-Allow-Origin" "", "Access-Control-Allow-Credentials" "true", "Access-Control-Expose-Headers" ""}, :line 111}
01:01:57.533 [qtp463827070-86] INFO  io.pedestal.http - {:msg "GET /favicon.ico", :line 80}
01:01:57.533 [qtp463827070-86] INFO  io.pedestal.http.cors - {:msg "cors request processing", :origin "", :allowed true, :line 84}
01:01:57.537 [qtp463827070-86] INFO  io.pedestal.http.cors - {:msg "cors response processing", :cors-headers {"Access-Control-Allow-Origin" "", "Access-Control-Allow-Credentials" "true", "Access-Control-Expose-Headers" ""}, :line 111}
01:02:03.416 [qtp463827070-79] INFO  io.pedestal.http - {:msg "GET /swagger/swagger.json", :line 80}
01:02:03.417 [qtp463827070-79] INFO  io.pedestal.http.cors - {:msg "cors request processing", :origin "", :allowed true, :line 84}
01:02:03.427 [qtp463827070-79] INFO  io.pedestal.http.cors - {:msg "cors response processing", :cors-headers {"Access-Control-Allow-Origin" "", "Access-Control-Allow-Credentials" "true", "Access-Control-Expose-Headers" ""}, :line 111}
01:03:02.132 [qtp463827070-84] INFO  io.pedestal.http - {:msg "GET /swagger/swagger.json", :line 80}
01:03:02.133 [qtp463827070-84] INFO  io.pedestal.http.cors - {:msg "cors request processing", :origin "", :allowed true, :line 84}
01:03:02.137 [qtp463827070-84] INFO  io.pedestal.http.cors - {:msg "cors response processing", :cors-headers {"Access-Control-Allow-Origin" "", "Access-Control-Allow-Credentials" "true", "Access-Control-Expose-Headers" ""}, :line 111}
01:03:02.262 [qtp463827070-81] INFO  io.pedestal.http - {:msg "GET /favicon.ico", :line 80}
01:03:02.263 [qtp463827070-81] INFO  io.pedestal.http.cors - {:msg "cors request processing", :origin "", :allowed true, :line 84}
01:03:02.281 [qtp463827070-81] INFO  io.pedestal.http.cors - {:msg "cors response processing", :cors-headers {"Access-Control-Allow-Origin" "", "Access-Control-Allow-Credentials" "true", "Access-Control-Expose-Headers" ""}, :line 111}
01:03:02.854 [qtp463827070-86] INFO  io.pedestal.http - {:msg "GET /swagger/swagger.json", :line 80}
01:03:02.854 [qtp463827070-86] INFO  io.pedestal.http.cors - {:msg "cors request processing", :origin "", :allowed true, :line 84}
01:03:02.857 [qtp463827070-86] INFO  io.pedestal.http.cors - {:msg "cors response processing", :cors-headers {"Access-Control-Allow-Origin" "", "Access-Control-Allow-Credentials" "true", "Access-Control-Expose-Headers" ""}, :line 111}
01:03:02.919 [qtp463827070-84] INFO  io.pedestal.http - {:msg "GET /favicon.ico", :line 80}
01:03:02.919 [qtp463827070-84] INFO  io.pedestal.http.cors - {:msg "cors request processing", :origin "", :allowed true, :line 84}
01:03:02.927 [qtp463827070-84] INFO  io.pedestal.http.cors - {:msg "cors response processing", :cors-headers {"Access-Control-Allow-Origin" "", "Access-Control-Allow-Credentials" "true", "Access-Control-Expose-Headers" ""}, :line 111}
01:03:03.082 [qtp463827070-81] INFO  io.pedestal.http - {:msg "GET /swagger/swagger.json", :line 80}
01:03:03.083 [qtp463827070-81] INFO  io.pedestal.http.cors - {:msg "cors request processing", :origin "", :allowed true, :line 84}
01:03:03.095 [qtp463827070-81] INFO  io.pedestal.http.cors - {:msg "cors response processing", :cors-headers {"Access-Control-Allow-Origin" "", "Access-Control-Allow-Credentials" "true", "Access-Control-Expose-Headers" ""}, :line 111}
01:03:03.205 [qtp463827070-84] INFO  io.pedestal.http - {:msg "GET /favicon.ico", :line 80}
01:03:03.205 [qtp463827070-84] INFO  io.pedestal.http.cors - {:msg "cors request processing", :origin "", :allowed true, :line 84}
01:03:03.211 [qtp463827070-84] INFO  io.pedestal.http.cors - {:msg "cors response processing", :cors-headers {"Access-Control-Allow-Origin" "", "Access-Control-Allow-Credentials" "true", "Access-Control-Expose-Headers" ""}, :line 111}
01:04:55.776 [qtp463827070-85] INFO  io.pedestal.http - {:msg "GET /swagger/swagger.json", :line 80}
01:04:55.776 [qtp463827070-85] INFO  io.pedestal.http.cors - {:msg "cors request processing", :origin "", :allowed true, :line 84}
01:04:55.778 [qtp463827070-85] ERROR i.p.http.impl.servlet-interceptor - {:msg "Dev interceptor caught an exception; Forwarding it as the response.", :line 313}
clojure.lang.ExceptionInfo: clojure.lang.ExceptionInfo in Interceptor :io.pedestal.http.route/router - You're trying to use something as a route specification that isn't supported by the protocol; Perhaps you need to extend it?
	at clojure.core$ex_info.invokeStatic(core.clj:4617)
	at clojure.core$ex_info.invoke(core.clj:4617)
	at io.pedestal.interceptor.chain$throwable__GT_ex_info.invokeStatic(chain.clj:35)
	at io.pedestal.interceptor.chain$throwable__GT_ex_info.invoke(chain.clj:32)
	at io.pedestal.interceptor.chain$try_f.invokeStatic(chain.clj:57)
	at io.pedestal.interceptor.chain$try_f.invoke(chain.clj:44)
	at io.pedestal.interceptor.chain$process_all_with_binding.invokeStatic(chain.clj:171)
	at io.pedestal.interceptor.chain$process_all_with_binding.invoke(chain.clj:146)
	at io.pedestal.interceptor.chain$process_all$fn__8998.invoke(chain.clj:188)
	at clojure.lang.AFn.applyToHelper(AFn.java:152)
	at clojure.lang.AFn.applyTo(AFn.java:144)
	at clojure.core$apply.invokeStatic(core.clj:646)
	at clojure.core$with_bindings_STAR_.invokeStatic(core.clj:1881)
	at clojure.core$with_bindings_STAR_.doInvoke(core.clj:1881)
	at clojure.lang.RestFn.invoke(RestFn.java:425)
	at io.pedestal.interceptor.chain$process_all.invokeStatic(chain.clj:186)
	at io.pedestal.interceptor.chain$process_all.invoke(chain.clj:182)
	at io.pedestal.interceptor.chain$enter_all.invokeStatic(chain.clj:235)
	at io.pedestal.interceptor.chain$enter_all.invoke(chain.clj:229)
	at io.pedestal.interceptor.chain$execute.invokeStatic(chain.clj:379)
	at io.pedestal.interceptor.chain$execute.invoke(chain.clj:352)
	at io.pedestal.interceptor.chain$execute.invokeStatic(chain.clj:389)
	at io.pedestal.interceptor.chain$execute.invoke(chain.clj:352)
	at io.pedestal.http.impl.servlet_interceptor$interceptor_service_fn$fn__13874.invoke(servlet_interceptor.clj:350)
	at io.pedestal.http.servlet.FnServlet.service(servlet.clj:28)
	at org.eclipse.jetty.servlet.ServletHolder.handle(ServletHolder.java:838)
	at org.eclipse.jetty.servlet.ServletHandler.doHandle(ServletHandler.java:543)
	at org.eclipse.jetty.server.handler.ScopedHandler.nextHandle(ScopedHandler.java:188)
	at org.eclipse.jetty.server.handler.ContextHandler.doHandle(ContextHandler.java:1228)
	at org.eclipse.jetty.server.handler.ScopedHandler.nextScope(ScopedHandler.java:168)
	at org.eclipse.jetty.servlet.ServletHandler.doScope(ServletHandler.java:481)
	at org.eclipse.jetty.server.handler.ScopedHandler.nextScope(ScopedHandler.java:166)
	at org.eclipse.jetty.server.handler.ContextHandler.doScope(ContextHandler.java:1130)
	at org.eclipse.jetty.server.handler.ScopedHandler.handle(ScopedHandler.java:141)
	at org.eclipse.jetty.server.handler.HandlerWrapper.handle(HandlerWrapper.java:132)
	at org.eclipse.jetty.server.Server.handle(Server.java:564)
	at org.eclipse.jetty.server.HttpChannel.handle(HttpChannel.java:318)
	at org.eclipse.jetty.server.HttpConnection.onFillable(HttpConnection.java:251)
	at org.eclipse.jetty.io.AbstractConnection$ReadCallback.succeeded(AbstractConnection.java:279)
	at org.eclipse.jetty.io.FillInterest.fillable(FillInterest.java:112)
	at org.eclipse.jetty.io.ChannelEndPoint$2.run(ChannelEndPoint.java:124)
	at org.eclipse.jetty.util.thread.Invocable.invokePreferred(Invocable.java:122)
	at org.eclipse.jetty.util.thread.strategy.ExecutingExecutionStrategy.invoke(ExecutingExecutionStrategy.java:58)
	at org.eclipse.jetty.util.thread.strategy.ExecuteProduceConsume.produceConsume(ExecuteProduceConsume.java:201)
	at org.eclipse.jetty.util.thread.strategy.ExecuteProduceConsume.run(ExecuteProduceConsume.java:133)
	at org.eclipse.jetty.util.thread.QueuedThreadPool.runJob(QueuedThreadPool.java:672)
	at org.eclipse.jetty.util.thread.QueuedThreadPool$2.run(QueuedThreadPool.java:590)
	at java.lang.Thread.run(Thread.java:745)
Caused by: clojure.lang.ExceptionInfo: You're trying to use something as a route specification that isn't supported by the protocol; Perhaps you need to extend it?
	at clojure.core$ex_info.invokeStatic(core.clj:4617)
	at clojure.core$ex_info.invoke(core.clj:4617)
	at io.pedestal.http.route$expand_routes.invokeStatic(route.clj:373)
	at io.pedestal.http.route$expand_routes.invoke(route.clj:364)
	at pedestal_play.server$run_dev$fn__14589.invoke(server.clj:21)
	at io.pedestal.http.route$eval10006$fn__10007$fn__10008.invoke(route.clj:422)
	at io.pedestal.interceptor.chain$try_f.invokeStatic(chain.clj:54)
	... 43 common frames omitted
01:04:55.971 [qtp463827070-84] INFO  io.pedestal.http - {:msg "GET /favicon.ico", :line 80}
01:04:55.972 [qtp463827070-84] INFO  io.pedestal.http.cors - {:msg "cors request processing", :origin "", :allowed true, :line 84}
01:04:55.973 [qtp463827070-84] ERROR i.p.http.impl.servlet-interceptor - {:msg "Dev interceptor caught an exception; Forwarding it as the response.", :line 313}
clojure.lang.ExceptionInfo: clojure.lang.ExceptionInfo in Interceptor :io.pedestal.http.route/router - You're trying to use something as a route specification that isn't supported by the protocol; Perhaps you need to extend it?
	at clojure.core$ex_info.invokeStatic(core.clj:4617)
	at clojure.core$ex_info.invoke(core.clj:4617)
	at io.pedestal.interceptor.chain$throwable__GT_ex_info.invokeStatic(chain.clj:35)
	at io.pedestal.interceptor.chain$throwable__GT_ex_info.invoke(chain.clj:32)
	at io.pedestal.interceptor.chain$try_f.invokeStatic(chain.clj:57)
	at io.pedestal.interceptor.chain$try_f.invoke(chain.clj:44)
	at io.pedestal.interceptor.chain$process_all_with_binding.invokeStatic(chain.clj:171)
	at io.pedestal.interceptor.chain$process_all_with_binding.invoke(chain.clj:146)
	at io.pedestal.interceptor.chain$process_all$fn__8998.invoke(chain.clj:188)
	at clojure.lang.AFn.applyToHelper(AFn.java:152)
	at clojure.lang.AFn.applyTo(AFn.java:144)
	at clojure.core$apply.invokeStatic(core.clj:646)
	at clojure.core$with_bindings_STAR_.invokeStatic(core.clj:1881)
	at clojure.core$with_bindings_STAR_.doInvoke(core.clj:1881)
	at clojure.lang.RestFn.invoke(RestFn.java:425)
	at io.pedestal.interceptor.chain$process_all.invokeStatic(chain.clj:186)
	at io.pedestal.interceptor.chain$process_all.invoke(chain.clj:182)
	at io.pedestal.interceptor.chain$enter_all.invokeStatic(chain.clj:235)
	at io.pedestal.interceptor.chain$enter_all.invoke(chain.clj:229)
	at io.pedestal.interceptor.chain$execute.invokeStatic(chain.clj:379)
	at io.pedestal.interceptor.chain$execute.invoke(chain.clj:352)
	at io.pedestal.interceptor.chain$execute.invokeStatic(chain.clj:389)
	at io.pedestal.interceptor.chain$execute.invoke(chain.clj:352)
	at io.pedestal.http.impl.servlet_interceptor$interceptor_service_fn$fn__13874.invoke(servlet_interceptor.clj:350)
	at io.pedestal.http.servlet.FnServlet.service(servlet.clj:28)
	at org.eclipse.jetty.servlet.ServletHolder.handle(ServletHolder.java:838)
	at org.eclipse.jetty.servlet.ServletHandler.doHandle(ServletHandler.java:543)
	at org.eclipse.jetty.server.handler.ScopedHandler.nextHandle(ScopedHandler.java:188)
	at org.eclipse.jetty.server.handler.ContextHandler.doHandle(ContextHandler.java:1228)
	at org.eclipse.jetty.server.handler.ScopedHandler.nextScope(ScopedHandler.java:168)
	at org.eclipse.jetty.servlet.ServletHandler.doScope(ServletHandler.java:481)
	at org.eclipse.jetty.server.handler.ScopedHandler.nextScope(ScopedHandler.java:166)
	at org.eclipse.jetty.server.handler.ContextHandler.doScope(ContextHandler.java:1130)
	at org.eclipse.jetty.server.handler.ScopedHandler.handle(ScopedHandler.java:141)
	at org.eclipse.jetty.server.handler.HandlerWrapper.handle(HandlerWrapper.java:132)
	at org.eclipse.jetty.server.Server.handle(Server.java:564)
	at org.eclipse.jetty.server.HttpChannel.handle(HttpChannel.java:318)
	at org.eclipse.jetty.server.HttpConnection.onFillable(HttpConnection.java:251)
	at org.eclipse.jetty.io.AbstractConnection$ReadCallback.succeeded(AbstractConnection.java:279)
	at org.eclipse.jetty.io.FillInterest.fillable(FillInterest.java:112)
	at org.eclipse.jetty.io.ChannelEndPoint$2.run(ChannelEndPoint.java:124)
	at org.eclipse.jetty.util.thread.QueuedThreadPool.runJob(QueuedThreadPool.java:672)
	at org.eclipse.jetty.util.thread.QueuedThreadPool$2.run(QueuedThreadPool.java:590)
	at java.lang.Thread.run(Thread.java:745)
Caused by: clojure.lang.ExceptionInfo: You're trying to use something as a route specification that isn't supported by the protocol; Perhaps you need to extend it?
	at clojure.core$ex_info.invokeStatic(core.clj:4617)
	at clojure.core$ex_info.invoke(core.clj:4617)
	at io.pedestal.http.route$expand_routes.invokeStatic(route.clj:373)
	at io.pedestal.http.route$expand_routes.invoke(route.clj:364)
	at pedestal_play.server$run_dev$fn__14589.invoke(server.clj:21)
	at io.pedestal.http.route$eval10006$fn__10007$fn__10008.invoke(route.clj:422)
	at io.pedestal.interceptor.chain$try_f.invokeStatic(chain.clj:54)
	... 39 common frames omitted
01:05:05.992 [qtp463827070-81] INFO  io.pedestal.http - {:msg "GET /swagger/swagger.json", :line 80}
01:05:05.993 [qtp463827070-81] INFO  io.pedestal.http.cors - {:msg "cors request processing", :origin "", :allowed true, :line 84}
01:05:05.995 [qtp463827070-81] ERROR i.p.http.impl.servlet-interceptor - {:msg "Dev interceptor caught an exception; Forwarding it as the response.", :line 313}
clojure.lang.ExceptionInfo: clojure.lang.ExceptionInfo in Interceptor :io.pedestal.http.route/router - You're trying to use something as a route specification that isn't supported by the protocol; Perhaps you need to extend it?
	at clojure.core$ex_info.invokeStatic(core.clj:4617)
	at clojure.core$ex_info.invoke(core.clj:4617)
	at io.pedestal.interceptor.chain$throwable__GT_ex_info.invokeStatic(chain.clj:35)
	at io.pedestal.interceptor.chain$throwable__GT_ex_info.invoke(chain.clj:32)
	at io.pedestal.interceptor.chain$try_f.invokeStatic(chain.clj:57)
	at io.pedestal.interceptor.chain$try_f.invoke(chain.clj:44)
	at io.pedestal.interceptor.chain$process_all_with_binding.invokeStatic(chain.clj:171)
	at io.pedestal.interceptor.chain$process_all_with_binding.invoke(chain.clj:146)
	at io.pedestal.interceptor.chain$process_all$fn__8998.invoke(chain.clj:188)
	at clojure.lang.AFn.applyToHelper(AFn.java:152)
	at clojure.lang.AFn.applyTo(AFn.java:144)
	at clojure.core$apply.invokeStatic(core.clj:646)
	at clojure.core$with_bindings_STAR_.invokeStatic(core.clj:1881)
	at clojure.core$with_bindings_STAR_.doInvoke(core.clj:1881)
	at clojure.lang.RestFn.invoke(RestFn.java:425)
	at io.pedestal.interceptor.chain$process_all.invokeStatic(chain.clj:186)
	at io.pedestal.interceptor.chain$process_all.invoke(chain.clj:182)
	at io.pedestal.interceptor.chain$enter_all.invokeStatic(chain.clj:235)
	at io.pedestal.interceptor.chain$enter_all.invoke(chain.clj:229)
	at io.pedestal.interceptor.chain$execute.invokeStatic(chain.clj:379)
	at io.pedestal.interceptor.chain$execute.invoke(chain.clj:352)
	at io.pedestal.interceptor.chain$execute.invokeStatic(chain.clj:389)
	at io.pedestal.interceptor.chain$execute.invoke(chain.clj:352)
	at io.pedestal.http.impl.servlet_interceptor$interceptor_service_fn$fn__13874.invoke(servlet_interceptor.clj:350)
	at io.pedestal.http.servlet.FnServlet.service(servlet.clj:28)
	at org.eclipse.jetty.servlet.ServletHolder.handle(ServletHolder.java:838)
	at org.eclipse.jetty.servlet.ServletHandler.doHandle(ServletHandler.java:543)
	at org.eclipse.jetty.server.handler.ScopedHandler.nextHandle(ScopedHandler.java:188)
	at org.eclipse.jetty.server.handler.ContextHandler.doHandle(ContextHandler.java:1228)
	at org.eclipse.jetty.server.handler.ScopedHandler.nextScope(ScopedHandler.java:168)
	at org.eclipse.jetty.servlet.ServletHandler.doScope(ServletHandler.java:481)
	at org.eclipse.jetty.server.handler.ScopedHandler.nextScope(ScopedHandler.java:166)
	at org.eclipse.jetty.server.handler.ContextHandler.doScope(ContextHandler.java:1130)
	at org.eclipse.jetty.server.handler.ScopedHandler.handle(ScopedHandler.java:141)
	at org.eclipse.jetty.server.handler.HandlerWrapper.handle(HandlerWrapper.java:132)
	at org.eclipse.jetty.server.Server.handle(Server.java:564)
	at org.eclipse.jetty.server.HttpChannel.handle(HttpChannel.java:318)
	at org.eclipse.jetty.server.HttpConnection.onFillable(HttpConnection.java:251)
	at org.eclipse.jetty.io.AbstractConnection$ReadCallback.succeeded(AbstractConnection.java:279)
	at org.eclipse.jetty.io.FillInterest.fillable(FillInterest.java:112)
	at org.eclipse.jetty.io.ChannelEndPoint$2.run(ChannelEndPoint.java:124)
	at org.eclipse.jetty.util.thread.Invocable.invokePreferred(Invocable.java:122)
	at org.eclipse.jetty.util.thread.strategy.ExecutingExecutionStrategy.invoke(ExecutingExecutionStrategy.java:58)
	at org.eclipse.jetty.util.thread.strategy.ExecuteProduceConsume.produceConsume(ExecuteProduceConsume.java:201)
	at org.eclipse.jetty.util.thread.strategy.ExecuteProduceConsume.run(ExecuteProduceConsume.java:133)
	at org.eclipse.jetty.util.thread.QueuedThreadPool.runJob(QueuedThreadPool.java:672)
	at org.eclipse.jetty.util.thread.QueuedThreadPool$2.run(QueuedThreadPool.java:590)
	at java.lang.Thread.run(Thread.java:745)
Caused by: clojure.lang.ExceptionInfo: You're trying to use something as a route specification that isn't supported by the protocol; Perhaps you need to extend it?
	at clojure.core$ex_info.invokeStatic(core.clj:4617)
	at clojure.core$ex_info.invoke(core.clj:4617)
	at io.pedestal.http.route$expand_routes.invokeStatic(route.clj:373)
	at io.pedestal.http.route$expand_routes.invoke(route.clj:364)
	at pedestal_play.server$run_dev$fn__14589.invoke(server.clj:21)
	at io.pedestal.http.route$eval10006$fn__10007$fn__10008.invoke(route.clj:422)
	at io.pedestal.interceptor.chain$try_f.invokeStatic(chain.clj:54)
	... 43 common frames omitted
01:05:06.213 [qtp463827070-84] INFO  io.pedestal.http - {:msg "GET /favicon.ico", :line 80}
01:05:06.213 [qtp463827070-84] INFO  io.pedestal.http.cors - {:msg "cors request processing", :origin "", :allowed true, :line 84}
01:05:06.214 [qtp463827070-84] ERROR i.p.http.impl.servlet-interceptor - {:msg "Dev interceptor caught an exception; Forwarding it as the response.", :line 313}
clojure.lang.ExceptionInfo: clojure.lang.ExceptionInfo in Interceptor :io.pedestal.http.route/router - You're trying to use something as a route specification that isn't supported by the protocol; Perhaps you need to extend it?
	at clojure.core$ex_info.invokeStatic(core.clj:4617)
	at clojure.core$ex_info.invoke(core.clj:4617)
	at io.pedestal.interceptor.chain$throwable__GT_ex_info.invokeStatic(chain.clj:35)
	at io.pedestal.interceptor.chain$throwable__GT_ex_info.invoke(chain.clj:32)
	at io.pedestal.interceptor.chain$try_f.invokeStatic(chain.clj:57)
	at io.pedestal.interceptor.chain$try_f.invoke(chain.clj:44)
	at io.pedestal.interceptor.chain$process_all_with_binding.invokeStatic(chain.clj:171)
	at io.pedestal.interceptor.chain$process_all_with_binding.invoke(chain.clj:146)
	at io.pedestal.interceptor.chain$process_all$fn__8998.invoke(chain.clj:188)
	at clojure.lang.AFn.applyToHelper(AFn.java:152)
	at clojure.lang.AFn.applyTo(AFn.java:144)
	at clojure.core$apply.invokeStatic(core.clj:646)
	at clojure.core$with_bindings_STAR_.invokeStatic(core.clj:1881)
	at clojure.core$with_bindings_STAR_.doInvoke(core.clj:1881)
	at clojure.lang.RestFn.invoke(RestFn.java:425)
	at io.pedestal.interceptor.chain$process_all.invokeStatic(chain.clj:186)
	at io.pedestal.interceptor.chain$process_all.invoke(chain.clj:182)
	at io.pedestal.interceptor.chain$enter_all.invokeStatic(chain.clj:235)
	at io.pedestal.interceptor.chain$enter_all.invoke(chain.clj:229)
	at io.pedestal.interceptor.chain$execute.invokeStatic(chain.clj:379)
	at io.pedestal.interceptor.chain$execute.invoke(chain.clj:352)
	at io.pedestal.interceptor.chain$execute.invokeStatic(chain.clj:389)
	at io.pedestal.interceptor.chain$execute.invoke(chain.clj:352)
	at io.pedestal.http.impl.servlet_interceptor$interceptor_service_fn$fn__13874.invoke(servlet_interceptor.clj:350)
	at io.pedestal.http.servlet.FnServlet.service(servlet.clj:28)
	at org.eclipse.jetty.servlet.ServletHolder.handle(ServletHolder.java:838)
	at org.eclipse.jetty.servlet.ServletHandler.doHandle(ServletHandler.java:543)
	at org.eclipse.jetty.server.handler.ScopedHandler.nextHandle(ScopedHandler.java:188)
	at org.eclipse.jetty.server.handler.ContextHandler.doHandle(ContextHandler.java:1228)
	at org.eclipse.jetty.server.handler.ScopedHandler.nextScope(ScopedHandler.java:168)
	at org.eclipse.jetty.servlet.ServletHandler.doScope(ServletHandler.java:481)
	at org.eclipse.jetty.server.handler.ScopedHandler.nextScope(ScopedHandler.java:166)
	at org.eclipse.jetty.server.handler.ContextHandler.doScope(ContextHandler.java:1130)
	at org.eclipse.jetty.server.handler.ScopedHandler.handle(ScopedHandler.java:141)
	at org.eclipse.jetty.server.handler.HandlerWrapper.handle(HandlerWrapper.java:132)
	at org.eclipse.jetty.server.Server.handle(Server.java:564)
	at org.eclipse.jetty.server.HttpChannel.handle(HttpChannel.java:318)
	at org.eclipse.jetty.server.HttpConnection.onFillable(HttpConnection.java:251)
	at org.eclipse.jetty.io.AbstractConnection$ReadCallback.succeeded(AbstractConnection.java:279)
	at org.eclipse.jetty.io.FillInterest.fillable(FillInterest.java:112)
	at org.eclipse.jetty.io.ChannelEndPoint$2.run(ChannelEndPoint.java:124)
	at org.eclipse.jetty.util.thread.QueuedThreadPool.runJob(QueuedThreadPool.java:672)
	at org.eclipse.jetty.util.thread.QueuedThreadPool$2.run(QueuedThreadPool.java:590)
	at java.lang.Thread.run(Thread.java:745)
Caused by: clojure.lang.ExceptionInfo: You're trying to use something as a route specification that isn't supported by the protocol; Perhaps you need to extend it?
	at clojure.core$ex_info.invokeStatic(core.clj:4617)
	at clojure.core$ex_info.invoke(core.clj:4617)
	at io.pedestal.http.route$expand_routes.invokeStatic(route.clj:373)
	at io.pedestal.http.route$expand_routes.invoke(route.clj:364)
	at pedestal_play.server$run_dev$fn__14589.invoke(server.clj:21)
	at io.pedestal.http.route$eval10006$fn__10007$fn__10008.invoke(route.clj:422)
	at io.pedestal.interceptor.chain$try_f.invokeStatic(chain.clj:54)
	... 39 common frames omitted
01:05:28.932 [qtp463827070-79] INFO  io.pedestal.http - {:msg "GET /swagger/swagger.json", :line 80}
01:05:28.933 [qtp463827070-79] INFO  io.pedestal.http.cors - {:msg "cors request processing", :origin "", :allowed true, :line 84}
01:05:28.934 [qtp463827070-79] ERROR i.p.http.impl.servlet-interceptor - {:msg "Dev interceptor caught an exception; Forwarding it as the response.", :line 313}
clojure.lang.ExceptionInfo: clojure.lang.ExceptionInfo in Interceptor :io.pedestal.http.route/router - You're trying to use something as a route specification that isn't supported by the protocol; Perhaps you need to extend it?
	at clojure.core$ex_info.invokeStatic(core.clj:4617)
	at clojure.core$ex_info.invoke(core.clj:4617)
	at io.pedestal.interceptor.chain$throwable__GT_ex_info.invokeStatic(chain.clj:35)
	at io.pedestal.interceptor.chain$throwable__GT_ex_info.invoke(chain.clj:32)
	at io.pedestal.interceptor.chain$try_f.invokeStatic(chain.clj:57)
	at io.pedestal.interceptor.chain$try_f.invoke(chain.clj:44)
	at io.pedestal.interceptor.chain$process_all_with_binding.invokeStatic(chain.clj:171)
	at io.pedestal.interceptor.chain$process_all_with_binding.invoke(chain.clj:146)
	at io.pedestal.interceptor.chain$process_all$fn__8998.invoke(chain.clj:188)
	at clojure.lang.AFn.applyToHelper(AFn.java:152)
	at clojure.lang.AFn.applyTo(AFn.java:144)
	at clojure.core$apply.invokeStatic(core.clj:646)
	at clojure.core$with_bindings_STAR_.invokeStatic(core.clj:1881)
	at clojure.core$with_bindings_STAR_.doInvoke(core.clj:1881)
	at clojure.lang.RestFn.invoke(RestFn.java:425)
	at io.pedestal.interceptor.chain$process_all.invokeStatic(chain.clj:186)
	at io.pedestal.interceptor.chain$process_all.invoke(chain.clj:182)
	at io.pedestal.interceptor.chain$enter_all.invokeStatic(chain.clj:235)
	at io.pedestal.interceptor.chain$enter_all.invoke(chain.clj:229)
	at io.pedestal.interceptor.chain$execute.invokeStatic(chain.clj:379)
	at io.pedestal.interceptor.chain$execute.invoke(chain.clj:352)
	at io.pedestal.interceptor.chain$execute.invokeStatic(chain.clj:389)
	at io.pedestal.interceptor.chain$execute.invoke(chain.clj:352)
	at io.pedestal.http.impl.servlet_interceptor$interceptor_service_fn$fn__13874.invoke(servlet_interceptor.clj:350)
	at io.pedestal.http.servlet.FnServlet.service(servlet.clj:28)
	at org.eclipse.jetty.servlet.ServletHolder.handle(ServletHolder.java:838)
	at org.eclipse.jetty.servlet.ServletHandler.doHandle(ServletHandler.java:543)
	at org.eclipse.jetty.server.handler.ScopedHandler.nextHandle(ScopedHandler.java:188)
	at org.eclipse.jetty.server.handler.ContextHandler.doHandle(ContextHandler.java:1228)
	at org.eclipse.jetty.server.handler.ScopedHandler.nextScope(ScopedHandler.java:168)
	at org.eclipse.jetty.servlet.ServletHandler.doScope(ServletHandler.java:481)
	at org.eclipse.jetty.server.handler.ScopedHandler.nextScope(ScopedHandler.java:166)
	at org.eclipse.jetty.server.handler.ContextHandler.doScope(ContextHandler.java:1130)
	at org.eclipse.jetty.server.handler.ScopedHandler.handle(ScopedHandler.java:141)
	at org.eclipse.jetty.server.handler.HandlerWrapper.handle(HandlerWrapper.java:132)
	at org.eclipse.jetty.server.Server.handle(Server.java:564)
	at org.eclipse.jetty.server.HttpChannel.handle(HttpChannel.java:318)
	at org.eclipse.jetty.server.HttpConnection.onFillable(HttpConnection.java:251)
	at org.eclipse.jetty.io.AbstractConnection$ReadCallback.succeeded(AbstractConnection.java:279)
	at org.eclipse.jetty.io.FillInterest.fillable(FillInterest.java:112)
	at org.eclipse.jetty.io.ChannelEndPoint$2.run(ChannelEndPoint.java:124)
	at org.eclipse.jetty.util.thread.Invocable.invokePreferred(Invocable.java:122)
	at org.eclipse.jetty.util.thread.strategy.ExecutingExecutionStrategy.invoke(ExecutingExecutionStrategy.java:58)
	at org.eclipse.jetty.util.thread.strategy.ExecuteProduceConsume.produceConsume(ExecuteProduceConsume.java:201)
	at org.eclipse.jetty.util.thread.strategy.ExecuteProduceConsume.run(ExecuteProduceConsume.java:133)
	at org.eclipse.jetty.util.thread.QueuedThreadPool.runJob(QueuedThreadPool.java:672)
	at org.eclipse.jetty.util.thread.QueuedThreadPool$2.run(QueuedThreadPool.java:590)
	at java.lang.Thread.run(Thread.java:745)
Caused by: clojure.lang.ExceptionInfo: You're trying to use something as a route specification that isn't supported by the protocol; Perhaps you need to extend it?
	at clojure.core$ex_info.invokeStatic(core.clj:4617)
	at clojure.core$ex_info.invoke(core.clj:4617)
	at io.pedestal.http.route$expand_routes.invokeStatic(route.clj:373)
	at io.pedestal.http.route$expand_routes.invoke(route.clj:364)
	at pedestal_play.server$run_dev$fn__14589.invoke(server.clj:21)
	at io.pedestal.http.route$eval10006$fn__10007$fn__10008.invoke(route.clj:422)
	at io.pedestal.interceptor.chain$try_f.invokeStatic(chain.clj:54)
	... 43 common frames omitted
01:05:29.108 [qtp463827070-81] INFO  io.pedestal.http - {:msg "GET /favicon.ico", :line 80}
01:05:29.108 [qtp463827070-81] INFO  io.pedestal.http.cors - {:msg "cors request processing", :origin "", :allowed true, :line 84}
01:05:29.109 [qtp463827070-81] ERROR i.p.http.impl.servlet-interceptor - {:msg "Dev interceptor caught an exception; Forwarding it as the response.", :line 313}
clojure.lang.ExceptionInfo: clojure.lang.ExceptionInfo in Interceptor :io.pedestal.http.route/router - You're trying to use something as a route specification that isn't supported by the protocol; Perhaps you need to extend it?
	at clojure.core$ex_info.invokeStatic(core.clj:4617)
	at clojure.core$ex_info.invoke(core.clj:4617)
	at io.pedestal.interceptor.chain$throwable__GT_ex_info.invokeStatic(chain.clj:35)
	at io.pedestal.interceptor.chain$throwable__GT_ex_info.invoke(chain.clj:32)
	at io.pedestal.interceptor.chain$try_f.invokeStatic(chain.clj:57)
	at io.pedestal.interceptor.chain$try_f.invoke(chain.clj:44)
	at io.pedestal.interceptor.chain$process_all_with_binding.invokeStatic(chain.clj:171)
	at io.pedestal.interceptor.chain$process_all_with_binding.invoke(chain.clj:146)
	at io.pedestal.interceptor.chain$process_all$fn__8998.invoke(chain.clj:188)
	at clojure.lang.AFn.applyToHelper(AFn.java:152)
	at clojure.lang.AFn.applyTo(AFn.java:144)
	at clojure.core$apply.invokeStatic(core.clj:646)
	at clojure.core$with_bindings_STAR_.invokeStatic(core.clj:1881)
	at clojure.core$with_bindings_STAR_.doInvoke(core.clj:1881)
	at clojure.lang.RestFn.invoke(RestFn.java:425)
	at io.pedestal.interceptor.chain$process_all.invokeStatic(chain.clj:186)
	at io.pedestal.interceptor.chain$process_all.invoke(chain.clj:182)
	at io.pedestal.interceptor.chain$enter_all.invokeStatic(chain.clj:235)
	at io.pedestal.interceptor.chain$enter_all.invoke(chain.clj:229)
	at io.pedestal.interceptor.chain$execute.invokeStatic(chain.clj:379)
	at io.pedestal.interceptor.chain$execute.invoke(chain.clj:352)
	at io.pedestal.interceptor.chain$execute.invokeStatic(chain.clj:389)
	at io.pedestal.interceptor.chain$execute.invoke(chain.clj:352)
	at io.pedestal.http.impl.servlet_interceptor$interceptor_service_fn$fn__13874.invoke(servlet_interceptor.clj:350)
	at io.pedestal.http.servlet.FnServlet.service(servlet.clj:28)
	at org.eclipse.jetty.servlet.ServletHolder.handle(ServletHolder.java:838)
	at org.eclipse.jetty.servlet.ServletHandler.doHandle(ServletHandler.java:543)
	at org.eclipse.jetty.server.handler.ScopedHandler.nextHandle(ScopedHandler.java:188)
	at org.eclipse.jetty.server.handler.ContextHandler.doHandle(ContextHandler.java:1228)
	at org.eclipse.jetty.server.handler.ScopedHandler.nextScope(ScopedHandler.java:168)
	at org.eclipse.jetty.servlet.ServletHandler.doScope(ServletHandler.java:481)
	at org.eclipse.jetty.server.handler.ScopedHandler.nextScope(ScopedHandler.java:166)
	at org.eclipse.jetty.server.handler.ContextHandler.doScope(ContextHandler.java:1130)
	at org.eclipse.jetty.server.handler.ScopedHandler.handle(ScopedHandler.java:141)
	at org.eclipse.jetty.server.handler.HandlerWrapper.handle(HandlerWrapper.java:132)
	at org.eclipse.jetty.server.Server.handle(Server.java:564)
	at org.eclipse.jetty.server.HttpChannel.handle(HttpChannel.java:318)
	at org.eclipse.jetty.server.HttpConnection.onFillable(HttpConnection.java:251)
	at org.eclipse.jetty.io.AbstractConnection$ReadCallback.succeeded(AbstractConnection.java:279)
	at org.eclipse.jetty.io.FillInterest.fillable(FillInterest.java:112)
	at org.eclipse.jetty.io.ChannelEndPoint$2.run(ChannelEndPoint.java:124)
	at org.eclipse.jetty.util.thread.QueuedThreadPool.runJob(QueuedThreadPool.java:672)
	at org.eclipse.jetty.util.thread.QueuedThreadPool$2.run(QueuedThreadPool.java:590)
	at java.lang.Thread.run(Thread.java:745)
Caused by: clojure.lang.ExceptionInfo: You're trying to use something as a route specification that isn't supported by the protocol; Perhaps you need to extend it?
	at clojure.core$ex_info.invokeStatic(core.clj:4617)
	at clojure.core$ex_info.invoke(core.clj:4617)
	at io.pedestal.http.route$expand_routes.invokeStatic(route.clj:373)
	at io.pedestal.http.route$expand_routes.invoke(route.clj:364)
	at pedestal_play.server$run_dev$fn__14589.invoke(server.clj:21)
	at io.pedestal.http.route$eval10006$fn__10007$fn__10008.invoke(route.clj:422)
	at io.pedestal.interceptor.chain$try_f.invokeStatic(chain.clj:54)
	... 39 common frames omitted
01:10:44.595 [qtp463827070-85] INFO  io.pedestal.http - {:msg "GET /swagger/swagger.json", :line 80}
01:10:44.601 [qtp463827070-85] INFO  io.pedestal.http.cors - {:msg "cors request processing", :origin "", :allowed true, :line 84}
01:10:44.617 [qtp463827070-85] INFO  io.pedestal.http.cors - {:msg "cors response processing", :cors-headers {"Access-Control-Allow-Origin" "", "Access-Control-Allow-Credentials" "true", "Access-Control-Expose-Headers" ""}, :line 111}
01:10:44.740 [qtp463827070-79] INFO  io.pedestal.http - {:msg "GET /favicon.ico", :line 80}
01:10:44.741 [qtp463827070-79] INFO  io.pedestal.http.cors - {:msg "cors request processing", :origin "", :allowed true, :line 84}
01:10:44.747 [qtp463827070-79] INFO  io.pedestal.http.cors - {:msg "cors response processing", :cors-headers {"Access-Control-Allow-Origin" "", "Access-Control-Allow-Credentials" "true", "Access-Control-Expose-Headers" ""}, :line 111}
01:11:22.274 [qtp463827070-86] INFO  io.pedestal.http - {:msg "GET /swagger/swagger.json", :line 80}
01:11:22.275 [qtp463827070-86] INFO  io.pedestal.http.cors - {:msg "cors request processing", :origin "", :allowed true, :line 84}
01:11:22.290 [qtp463827070-86] INFO  io.pedestal.http.cors - {:msg "cors response processing", :cors-headers {"Access-Control-Allow-Origin" "", "Access-Control-Allow-Credentials" "true", "Access-Control-Expose-Headers" ""}, :line 111}
01:11:22.412 [qtp463827070-84] INFO  io.pedestal.http - {:msg "GET /favicon.ico", :line 80}
01:11:22.413 [qtp463827070-84] INFO  io.pedestal.http.cors - {:msg "cors request processing", :origin "", :allowed true, :line 84}
01:11:22.416 [qtp463827070-84] INFO  io.pedestal.http.cors - {:msg "cors response processing", :cors-headers {"Access-Control-Allow-Origin" "", "Access-Control-Allow-Credentials" "true", "Access-Control-Expose-Headers" ""}, :line 111}
01:11:22.920 [qtp463827070-81] INFO  io.pedestal.http - {:msg "GET /swagger/swagger.json", :line 80}
01:11:22.921 [qtp463827070-81] INFO  io.pedestal.http.cors - {:msg "cors request processing", :origin "", :allowed true, :line 84}
01:11:22.925 [qtp463827070-81] INFO  io.pedestal.http.cors - {:msg "cors response processing", :cors-headers {"Access-Control-Allow-Origin" "", "Access-Control-Allow-Credentials" "true", "Access-Control-Expose-Headers" ""}, :line 111}
01:11:22.985 [qtp463827070-85] INFO  io.pedestal.http - {:msg "GET /favicon.ico", :line 80}
01:11:22.986 [qtp463827070-85] INFO  io.pedestal.http.cors - {:msg "cors request processing", :origin "", :allowed true, :line 84}
01:11:22.990 [qtp463827070-85] INFO  io.pedestal.http.cors - {:msg "cors response processing", :cors-headers {"Access-Control-Allow-Origin" "", "Access-Control-Allow-Credentials" "true", "Access-Control-Expose-Headers" ""}, :line 111}
01:11:29.268 [qtp463827070-84] INFO  io.pedestal.http - {:msg "GET /r/swagger.json", :line 80}
01:11:29.269 [qtp463827070-84] INFO  io.pedestal.http.cors - {:msg "cors request processing", :origin "", :allowed true, :line 84}
01:11:29.273 [qtp463827070-84] INFO  io.pedestal.http.cors - {:msg "cors response processing", :cors-headers {"Access-Control-Allow-Origin" "", "Access-Control-Allow-Credentials" "true", "Access-Control-Expose-Headers" ""}, :line 111}
01:11:34.156 [qtp463827070-86] INFO  io.pedestal.http - {:msg "GET /swagger.json", :line 80}
01:11:34.157 [qtp463827070-86] INFO  io.pedestal.http.cors - {:msg "cors request processing", :origin "", :allowed true, :line 84}
01:11:34.168 [qtp463827070-86] INFO  io.pedestal.http.cors - {:msg "cors response processing", :cors-headers {"Access-Control-Allow-Origin" "", "Access-Control-Allow-Credentials" "true", "Access-Control-Expose-Headers" ""}, :line 111}
07:48:36.320 [nREPL-worker-31] INFO  o.e.jetty.server.AbstractConnector - Stopped ServerConnector@568f9f2f{HTTP/1.1,[http/1.1, h2c]}{0.0.0.0:8080}
07:48:36.321 [nREPL-worker-31] INFO  o.e.j.server.handler.ContextHandler - Stopped o.e.j.s.ServletContextHandler@7a6ac496{/,null,UNAVAILABLE}
